DEPRECATION WARNING: config.action_view.debug_rjs will be removed in 3.1, from 3.1 onwards you will need to install prototype-rails to continue to use RJS templates . (called from service at /home/dckap/.rvm/rubies/ruby-1.9.2-p290/lib/ruby/1.9.1/webrick/httpserver.rb:111)


Started GET "/locations" for 127.0.0.1 at 2012-03-20 13:28:47 +0530

Mysql2::Error (Access denied for user 'root'@'localhost' (using password: NO)):
  

Rendered /home/dckap/.rvm/gems/ruby-1.9.2-p290@rails3.0.10/gems/actionpack-3.0.10/lib/action_dispatch/middleware/templates/rescues/_trace.erb (1.3ms)
Rendered /home/dckap/.rvm/gems/ruby-1.9.2-p290@rails3.0.10/gems/actionpack-3.0.10/lib/action_dispatch/middleware/templates/rescues/_request_and_response.erb (7.3ms)
Rendered /home/dckap/.rvm/gems/ruby-1.9.2-p290@rails3.0.10/gems/actionpack-3.0.10/lib/action_dispatch/middleware/templates/rescues/diagnostics.erb within rescues/layout (12.3ms)


Started GET "/locations" for 127.0.0.1 at 2012-03-20 13:28:48 +0530

Mysql2::Error (Access denied for user 'root'@'localhost' (using password: NO)):
  

Rendered /home/dckap/.rvm/gems/ruby-1.9.2-p290@rails3.0.10/gems/actionpack-3.0.10/lib/action_dispatch/middleware/templates/rescues/_trace.erb (1.3ms)
Rendered /home/dckap/.rvm/gems/ruby-1.9.2-p290@rails3.0.10/gems/actionpack-3.0.10/lib/action_dispatch/middleware/templates/rescues/_request_and_response.erb (1.1ms)
Rendered /home/dckap/.rvm/gems/ruby-1.9.2-p290@rails3.0.10/gems/actionpack-3.0.10/lib/action_dispatch/middleware/templates/rescues/diagnostics.erb within rescues/layout (5.6ms)
  [1m[36mSQL (0.3ms)[0m  [1mSHOW TABLES[0m
  [1m[35mSQL (223.5ms)[0m  CREATE TABLE `schema_migrations` (`version` varchar(255) NOT NULL) ENGINE=InnoDB
  [1m[36mSQL (13.1ms)[0m  [1mSHOW KEYS FROM `schema_migrations`[0m
  [1m[35mSQL (245.7ms)[0m  CREATE UNIQUE INDEX `unique_schema_migrations` ON `schema_migrations` (`version`)
  [1m[36mSQL (14.2ms)[0m  [1mSHOW TABLES[0m
  [1m[35mSQL (0.2ms)[0m  SHOW TABLES
  [1m[36mSQL (14.2ms)[0m  [1mSELECT `schema_migrations`.`version` FROM `schema_migrations`[0m
Migrating to CreateLocations (20120320075404)
  [1m[35mSQL (124.2ms)[0m  CREATE TABLE `locations` (`id` int(11) DEFAULT NULL auto_increment PRIMARY KEY, `name` varchar(255), `address` varchar(255), `longitude` float, `latitude` float, `created_at` datetime, `updated_at` datetime) ENGINE=InnoDB
  [1m[36mSQL (61.9ms)[0m  [1mINSERT INTO `schema_migrations` (`version`) VALUES ('20120320075404')[0m
  [1m[35mSQL (0.2ms)[0m  SHOW TABLES
  [1m[36mSQL (0.1ms)[0m  [1mSELECT `schema_migrations`.`version` FROM `schema_migrations`[0m
  [1m[35mSQL (0.1ms)[0m  SHOW TABLES
  [1m[36mSQL (0.3ms)[0m  [1mdescribe `locations`[0m
  [1m[35mSQL (0.1ms)[0m  SHOW KEYS FROM `locations`
DEPRECATION WARNING: config.action_view.debug_rjs will be removed in 3.1, from 3.1 onwards you will need to install prototype-rails to continue to use RJS templates . (called from service at /home/dckap/.rvm/rubies/ruby-1.9.2-p290/lib/ruby/1.9.1/webrick/httpserver.rb:111)


Started GET "/locations" for 127.0.0.1 at 2012-03-20 13:30:26 +0530
  Processing by LocationsController#index as HTML
  [1m[36mLocation Load (21.1ms)[0m  [1mSELECT `locations`.* FROM `locations`[0m
  [1m[35mCACHE (0.0ms)[0m  SELECT `locations`.* FROM `locations`
Rendered /home/dckap/.rvm/gems/ruby-1.9.2-p290@rails3.0.10/gems/gmaps4rails-0.7.9/app/views/gmaps4rails/_gmaps4rails.html.erb (2.3ms)
Rendered locations/index.html.erb within layouts/application (8.7ms)
Completed 200 OK in 117ms (Views: 15.2ms | ActiveRecord: 21.1ms)


Started GET "/stylesheets/gmaps4rails.css" for 127.0.0.1 at 2012-03-20 13:30:26 +0530


Started GET "/javascripts/gmaps4rails.js" for 127.0.0.1 at 2012-03-20 13:30:26 +0530


Started GET "/locations" for 127.0.0.1 at 2012-03-20 13:30:30 +0530
  Processing by LocationsController#index as HTML
  [1m[36mLocation Load (0.1ms)[0m  [1mSELECT `locations`.* FROM `locations`[0m
  [1m[35mCACHE (0.0ms)[0m  SELECT `locations`.* FROM `locations`
Rendered /home/dckap/.rvm/gems/ruby-1.9.2-p290@rails3.0.10/gems/gmaps4rails-0.7.9/app/views/gmaps4rails/_gmaps4rails.html.erb (1.5ms)
Rendered locations/index.html.erb within layouts/application (5.6ms)
Completed 200 OK in 12ms (Views: 9.4ms | ActiveRecord: 0.1ms)


Started GET "/locations/new" for 127.0.0.1 at 2012-03-20 13:30:45 +0530
  Processing by LocationsController#new as HTML
Rendered locations/_form.html.erb (105.5ms)
Rendered locations/new.html.erb within layouts/application (108.3ms)
Completed 200 OK in 116ms (Views: 112.0ms | ActiveRecord: 0.0ms)


Started GET "/locations/new" for 127.0.0.1 at 2012-03-20 13:30:46 +0530
  Processing by LocationsController#new as HTML
Rendered locations/_form.html.erb (11.3ms)
Rendered locations/new.html.erb within layouts/application (14.5ms)
Completed 200 OK in 23ms (Views: 18.6ms | ActiveRecord: 0.0ms)


Started POST "/locations" for 127.0.0.1 at 2012-03-20 13:31:06 +0530
  Processing by LocationsController#create as HTML
  Parameters: {"utf8"=>"✓", "authenticity_token"=>"0EkWFwQzA33SeiRbmo04j5kx7aG79X1sAjNAfM/MSlM=", "location"=>{"name"=>"chandra mohan", "address"=>"villupuram, railway junction"}, "commit"=>"Create Location"}
  [1m[36mSQL (0.1ms)[0m  [1mBEGIN[0m
  [1m[35mSQL (0.3ms)[0m  SHOW TABLES
  [1m[36mSQL (0.3ms)[0m  [1mdescribe `locations`[0m
  [1m[35mAREL (16.5ms)[0m  INSERT INTO `locations` (`name`, `address`, `longitude`, `latitude`, `created_at`, `updated_at`) VALUES ('chandra mohan', 'villupuram, railway junction', 79.497647, 11.939481, '2012-03-20 08:01:07', '2012-03-20 08:01:07')
  [1m[36mSQL (21.9ms)[0m  [1mCOMMIT[0m
Redirected to http://0.0.0.0:3000/locations/1
Completed 302 Found in 364ms


Started GET "/locations/1" for 127.0.0.1 at 2012-03-20 13:31:07 +0530
  Processing by LocationsController#show as HTML
  Parameters: {"id"=>"1"}
  [1m[35mLocation Load (14.8ms)[0m  SELECT `locations`.* FROM `locations` WHERE `locations`.`id` = 1 LIMIT 1
Rendered locations/show.html.erb within layouts/application (11.8ms)
Completed 200 OK in 36ms (Views: 17.5ms | ActiveRecord: 14.8ms)


Started GET "/locations/1" for 127.0.0.1 at 2012-03-20 13:31:07 +0530
  Processing by LocationsController#show as HTML
  Parameters: {"id"=>"1"}
  [1m[36mLocation Load (0.1ms)[0m  [1mSELECT `locations`.* FROM `locations` WHERE `locations`.`id` = 1 LIMIT 1[0m
Rendered locations/show.html.erb within layouts/application (23.7ms)
Completed 200 OK in 36ms (Views: 27.5ms | ActiveRecord: 0.1ms)


Started GET "/locations" for 127.0.0.1 at 2012-03-20 13:31:10 +0530
  Processing by LocationsController#index as HTML
  [1m[35mLocation Load (0.2ms)[0m  SELECT `locations`.* FROM `locations`
  [1m[36mCACHE (0.0ms)[0m  [1mSELECT `locations`.* FROM `locations`[0m
Rendered /home/dckap/.rvm/gems/ruby-1.9.2-p290@rails3.0.10/gems/gmaps4rails-0.7.9/app/views/gmaps4rails/_gmaps4rails.html.erb (1.3ms)
Rendered locations/index.html.erb within layouts/application (6.6ms)
Completed 200 OK in 18ms (Views: 10.2ms | ActiveRecord: 0.2ms)


Started GET "/locations" for 127.0.0.1 at 2012-03-20 13:31:10 +0530
  Processing by LocationsController#index as HTML
  [1m[35mLocation Load (0.1ms)[0m  SELECT `locations`.* FROM `locations`
  [1m[36mCACHE (0.0ms)[0m  [1mSELECT `locations`.* FROM `locations`[0m
Rendered /home/dckap/.rvm/gems/ruby-1.9.2-p290@rails3.0.10/gems/gmaps4rails-0.7.9/app/views/gmaps4rails/_gmaps4rails.html.erb (1.5ms)
Rendered locations/index.html.erb within layouts/application (6.9ms)
Completed 200 OK in 20ms (Views: 11.0ms | ActiveRecord: 0.1ms)


Started GET "/locations/new" for 127.0.0.1 at 2012-03-20 13:34:41 +0530
  Processing by LocationsController#new as HTML
Rendered locations/_form.html.erb (7.2ms)
Rendered locations/new.html.erb within layouts/application (9.8ms)
Completed 200 OK in 17ms (Views: 13.3ms | ActiveRecord: 0.0ms)


Started GET "/locations/new" for 127.0.0.1 at 2012-03-20 13:34:41 +0530
  Processing by LocationsController#new as HTML
Rendered locations/_form.html.erb (8.0ms)
Rendered locations/new.html.erb within layouts/application (11.2ms)
Completed 200 OK in 20ms (Views: 16.9ms | ActiveRecord: 0.0ms)


Started POST "/locations" for 127.0.0.1 at 2012-03-20 13:34:58 +0530
  Processing by LocationsController#create as HTML
  Parameters: {"utf8"=>"✓", "authenticity_token"=>"0EkWFwQzA33SeiRbmo04j5kx7aG79X1sAjNAfM/MSlM=", "location"=>{"name"=>"chandra mohan", "address"=>"chitlapakkam, chennai"}, "commit"=>"Create Location"}
  [1m[35mSQL (0.1ms)[0m  BEGIN
  [1m[36mSQL (0.3ms)[0m  [1mdescribe `locations`[0m
  [1m[35mAREL (0.1ms)[0m  INSERT INTO `locations` (`name`, `address`, `longitude`, `latitude`, `created_at`, `updated_at`) VALUES ('chandra mohan', 'chitlapakkam, chennai', 80.1484407, 12.9351982, '2012-03-20 08:04:59', '2012-03-20 08:04:59')
  [1m[36mSQL (42.8ms)[0m  [1mCOMMIT[0m
Redirected to http://0.0.0.0:3000/locations/2
Completed 302 Found in 361ms


Started GET "/locations/2" for 127.0.0.1 at 2012-03-20 13:34:59 +0530
  Processing by LocationsController#show as HTML
  Parameters: {"id"=>"2"}
  [1m[35mLocation Load (0.2ms)[0m  SELECT `locations`.* FROM `locations` WHERE `locations`.`id` = 2 LIMIT 1
Rendered locations/show.html.erb within layouts/application (8.0ms)
Completed 200 OK in 16ms (Views: 12.6ms | ActiveRecord: 0.2ms)


Started GET "/locations/2" for 127.0.0.1 at 2012-03-20 13:34:59 +0530
  Processing by LocationsController#show as HTML
  Parameters: {"id"=>"2"}
  [1m[36mLocation Load (0.1ms)[0m  [1mSELECT `locations`.* FROM `locations` WHERE `locations`.`id` = 2 LIMIT 1[0m
Rendered locations/show.html.erb within layouts/application (7.9ms)
Completed 200 OK in 16ms (Views: 11.7ms | ActiveRecord: 0.1ms)


Started GET "/locations" for 127.0.0.1 at 2012-03-20 13:35:00 +0530
  Processing by LocationsController#index as HTML
  [1m[35mLocation Load (0.2ms)[0m  SELECT `locations`.* FROM `locations`
  [1m[36mCACHE (0.0ms)[0m  [1mSELECT `locations`.* FROM `locations`[0m
Rendered /home/dckap/.rvm/gems/ruby-1.9.2-p290@rails3.0.10/gems/gmaps4rails-0.7.9/app/views/gmaps4rails/_gmaps4rails.html.erb (1.3ms)
Rendered locations/index.html.erb within layouts/application (7.2ms)
Completed 200 OK in 19ms (Views: 10.8ms | ActiveRecord: 0.3ms)


Started GET "/stylesheets/gmaps4rails.css" for 127.0.0.1 at 2012-03-20 13:35:00 +0530


Started GET "/javascripts/gmaps4rails.js" for 127.0.0.1 at 2012-03-20 13:35:00 +0530


Started GET "/locations" for 127.0.0.1 at 2012-03-20 13:35:01 +0530
  Processing by LocationsController#index as HTML
  [1m[35mLocation Load (0.1ms)[0m  SELECT `locations`.* FROM `locations`
  [1m[36mCACHE (0.0ms)[0m  [1mSELECT `locations`.* FROM `locations`[0m
Rendered /home/dckap/.rvm/gems/ruby-1.9.2-p290@rails3.0.10/gems/gmaps4rails-0.7.9/app/views/gmaps4rails/_gmaps4rails.html.erb (1.6ms)
Rendered locations/index.html.erb within layouts/application (15.6ms)
Completed 200 OK in 35ms (Views: 20.1ms | ActiveRecord: 0.1ms)


Started GET "/locations" for 127.0.0.1 at 2012-03-20 13:37:59 +0530
  Processing by LocationsController#index as HTML
  [1m[35mLocation Load (0.1ms)[0m  SELECT `locations`.* FROM `locations`
  [1m[36mCACHE (0.0ms)[0m  [1mSELECT `locations`.* FROM `locations`[0m
Rendered /home/dckap/.rvm/gems/ruby-1.9.2-p290@rails3.0.10/gems/gmaps4rails-0.7.9/app/views/gmaps4rails/_gmaps4rails.html.erb (1.3ms)
Rendered locations/index.html.erb within layouts/application (7.1ms)
Completed 200 OK in 21ms (Views: 11.0ms | ActiveRecord: 0.1ms)


Started GET "/stylesheets/gmaps4rails.css" for 127.0.0.1 at 2012-03-20 13:38:00 +0530


Started GET "/javascripts/gmaps4rails.js" for 127.0.0.1 at 2012-03-20 13:38:00 +0530


Started GET "/locations" for 127.0.0.1 at 2012-03-20 13:38:00 +0530
  Processing by LocationsController#index as HTML
  [1m[35mLocation Load (0.1ms)[0m  SELECT `locations`.* FROM `locations`
  [1m[36mCACHE (0.0ms)[0m  [1mSELECT `locations`.* FROM `locations`[0m
Rendered /home/dckap/.rvm/gems/ruby-1.9.2-p290@rails3.0.10/gems/gmaps4rails-0.7.9/app/views/gmaps4rails/_gmaps4rails.html.erb (1.4ms)
Rendered locations/index.html.erb within layouts/application (7.5ms)
Completed 200 OK in 34ms (Views: 11.3ms | ActiveRecord: 0.1ms)


Started GET "/locations/2" for 127.0.0.1 at 2012-03-20 13:38:12 +0530
  Processing by LocationsController#show as HTML
  Parameters: {"id"=>"2"}
  [1m[35mLocation Load (0.1ms)[0m  SELECT `locations`.* FROM `locations` WHERE `locations`.`id` = 2 LIMIT 1
Rendered locations/show.html.erb within layouts/application (7.2ms)
Completed 200 OK in 15ms (Views: 10.9ms | ActiveRecord: 0.1ms)


Started GET "/locations/2" for 127.0.0.1 at 2012-03-20 13:38:12 +0530
  Processing by LocationsController#show as HTML
  Parameters: {"id"=>"2"}
  [1m[36mLocation Load (0.1ms)[0m  [1mSELECT `locations`.* FROM `locations` WHERE `locations`.`id` = 2 LIMIT 1[0m
Rendered locations/show.html.erb within layouts/application (7.6ms)
Completed 200 OK in 20ms (Views: 11.4ms | ActiveRecord: 0.1ms)


Started GET "/locations" for 127.0.0.1 at 2012-03-20 13:38:14 +0530
  Processing by LocationsController#index as HTML
  [1m[35mLocation Load (0.1ms)[0m  SELECT `locations`.* FROM `locations`
  [1m[36mCACHE (0.0ms)[0m  [1mSELECT `locations`.* FROM `locations`[0m
Rendered /home/dckap/.rvm/gems/ruby-1.9.2-p290@rails3.0.10/gems/gmaps4rails-0.7.9/app/views/gmaps4rails/_gmaps4rails.html.erb (1.3ms)
Rendered locations/index.html.erb within layouts/application (7.0ms)
Completed 200 OK in 18ms (Views: 10.4ms | ActiveRecord: 0.1ms)


Started GET "/locations" for 127.0.0.1 at 2012-03-20 13:38:15 +0530
  Processing by LocationsController#index as HTML
  [1m[35mLocation Load (0.1ms)[0m  SELECT `locations`.* FROM `locations`
  [1m[36mCACHE (0.0ms)[0m  [1mSELECT `locations`.* FROM `locations`[0m
Rendered /home/dckap/.rvm/gems/ruby-1.9.2-p290@rails3.0.10/gems/gmaps4rails-0.7.9/app/views/gmaps4rails/_gmaps4rails.html.erb (1.4ms)
Rendered locations/index.html.erb within layouts/application (7.8ms)
Completed 200 OK in 21ms (Views: 11.7ms | ActiveRecord: 0.1ms)


Started GET "/locations/1" for 127.0.0.1 at 2012-03-20 13:38:26 +0530
  Processing by LocationsController#show as HTML
  Parameters: {"id"=>"1"}
  [1m[35mLocation Load (0.2ms)[0m  SELECT `locations`.* FROM `locations` WHERE `locations`.`id` = 1 LIMIT 1
Rendered locations/show.html.erb within layouts/application (7.1ms)
Completed 200 OK in 15ms (Views: 10.6ms | ActiveRecord: 0.2ms)


Started GET "/locations/1" for 127.0.0.1 at 2012-03-20 13:38:26 +0530
  Processing by LocationsController#show as HTML
  Parameters: {"id"=>"1"}
  [1m[36mLocation Load (0.1ms)[0m  [1mSELECT `locations`.* FROM `locations` WHERE `locations`.`id` = 1 LIMIT 1[0m
Rendered locations/show.html.erb within layouts/application (7.9ms)
Completed 200 OK in 20ms (Views: 11.9ms | ActiveRecord: 0.1ms)


Started GET "/locations" for 127.0.0.1 at 2012-03-20 13:38:27 +0530
  Processing by LocationsController#index as HTML
  [1m[35mLocation Load (0.1ms)[0m  SELECT `locations`.* FROM `locations`
  [1m[36mCACHE (0.0ms)[0m  [1mSELECT `locations`.* FROM `locations`[0m
Rendered /home/dckap/.rvm/gems/ruby-1.9.2-p290@rails3.0.10/gems/gmaps4rails-0.7.9/app/views/gmaps4rails/_gmaps4rails.html.erb (1.3ms)
Rendered locations/index.html.erb within layouts/application (7.0ms)
Completed 200 OK in 40ms (Views: 10.5ms | ActiveRecord: 0.1ms)


Started GET "/locations" for 127.0.0.1 at 2012-03-20 13:38:28 +0530
  Processing by LocationsController#index as HTML
  [1m[35mLocation Load (4.0ms)[0m  SELECT `locations`.* FROM `locations`
  [1m[36mCACHE (0.0ms)[0m  [1mSELECT `locations`.* FROM `locations`[0m
Rendered /home/dckap/.rvm/gems/ruby-1.9.2-p290@rails3.0.10/gems/gmaps4rails-0.7.9/app/views/gmaps4rails/_gmaps4rails.html.erb (1.6ms)
Rendered locations/index.html.erb within layouts/application (7.8ms)
Completed 200 OK in 32ms (Views: 11.7ms | ActiveRecord: 4.0ms)


Started POST "/locations/2" for 127.0.0.1 at 2012-03-20 13:39:07 +0530
  Processing by LocationsController#destroy as HTML
  Parameters: {"authenticity_token"=>"0EkWFwQzA33SeiRbmo04j5kx7aG79X1sAjNAfM/MSlM=", "id"=>"2"}
  [1m[35mLocation Load (0.1ms)[0m  SELECT `locations`.* FROM `locations` WHERE `locations`.`id` = 2 LIMIT 1
  [1m[36mSQL (0.1ms)[0m  [1mBEGIN[0m
  [1m[35mAREL (19.9ms)[0m  DELETE FROM `locations` WHERE `locations`.`id` = 2
  [1m[36mSQL (67.3ms)[0m  [1mCOMMIT[0m
Redirected to http://0.0.0.0:3000/locations
Completed 302 Found in 98ms


Started GET "/locations" for 127.0.0.1 at 2012-03-20 13:39:08 +0530
  Processing by LocationsController#index as HTML
  [1m[35mLocation Load (0.2ms)[0m  SELECT `locations`.* FROM `locations`
  [1m[36mCACHE (0.0ms)[0m  [1mSELECT `locations`.* FROM `locations`[0m
Rendered /home/dckap/.rvm/gems/ruby-1.9.2-p290@rails3.0.10/gems/gmaps4rails-0.7.9/app/views/gmaps4rails/_gmaps4rails.html.erb (1.3ms)
Rendered locations/index.html.erb within layouts/application (6.1ms)
Completed 200 OK in 38ms (Views: 9.6ms | ActiveRecord: 87.5ms)


Started GET "/locations" for 127.0.0.1 at 2012-03-20 13:39:08 +0530
  Processing by LocationsController#index as HTML
  [1m[35mLocation Load (2.4ms)[0m  SELECT `locations`.* FROM `locations`
  [1m[36mCACHE (0.0ms)[0m  [1mSELECT `locations`.* FROM `locations`[0m
Rendered /home/dckap/.rvm/gems/ruby-1.9.2-p290@rails3.0.10/gems/gmaps4rails-0.7.9/app/views/gmaps4rails/_gmaps4rails.html.erb (1.4ms)
Rendered locations/index.html.erb within layouts/application (6.6ms)
Completed 200 OK in 21ms (Views: 10.3ms | ActiveRecord: 2.4ms)


Started GET "/locations/1" for 127.0.0.1 at 2012-03-20 13:39:15 +0530
  Processing by LocationsController#show as HTML
  Parameters: {"id"=>"1"}
  [1m[35mLocation Load (0.2ms)[0m  SELECT `locations`.* FROM `locations` WHERE `locations`.`id` = 1 LIMIT 1
Rendered locations/show.html.erb within layouts/application (7.8ms)
Completed 200 OK in 16ms (Views: 11.6ms | ActiveRecord: 0.2ms)


Started GET "/locations/1" for 127.0.0.1 at 2012-03-20 13:39:15 +0530
  Processing by LocationsController#show as HTML
  Parameters: {"id"=>"1"}
  [1m[36mLocation Load (0.1ms)[0m  [1mSELECT `locations`.* FROM `locations` WHERE `locations`.`id` = 1 LIMIT 1[0m
Rendered locations/show.html.erb within layouts/application (24.1ms)
Completed 200 OK in 33ms (Views: 28.1ms | ActiveRecord: 0.1ms)


Started GET "/locations" for 127.0.0.1 at 2012-03-20 13:39:18 +0530
  Processing by LocationsController#index as HTML
  [1m[35mLocation Load (0.1ms)[0m  SELECT `locations`.* FROM `locations`
  [1m[36mCACHE (0.0ms)[0m  [1mSELECT `locations`.* FROM `locations`[0m
Rendered /home/dckap/.rvm/gems/ruby-1.9.2-p290@rails3.0.10/gems/gmaps4rails-0.7.9/app/views/gmaps4rails/_gmaps4rails.html.erb (1.4ms)
Rendered locations/index.html.erb within layouts/application (6.2ms)
Completed 200 OK in 18ms (Views: 9.8ms | ActiveRecord: 0.1ms)


Started GET "/locations" for 127.0.0.1 at 2012-03-20 13:39:18 +0530
  Processing by LocationsController#index as HTML
  [1m[35mLocation Load (0.3ms)[0m  SELECT `locations`.* FROM `locations`
  [1m[36mCACHE (0.0ms)[0m  [1mSELECT `locations`.* FROM `locations`[0m
Rendered /home/dckap/.rvm/gems/ruby-1.9.2-p290@rails3.0.10/gems/gmaps4rails-0.7.9/app/views/gmaps4rails/_gmaps4rails.html.erb (1.5ms)
Rendered locations/index.html.erb within layouts/application (7.6ms)
Completed 200 OK in 30ms (Views: 11.5ms | ActiveRecord: 0.3ms)


Started POST "/locations/1" for 127.0.0.1 at 2012-03-20 13:39:37 +0530
  Processing by LocationsController#destroy as HTML
  Parameters: {"authenticity_token"=>"0EkWFwQzA33SeiRbmo04j5kx7aG79X1sAjNAfM/MSlM=", "id"=>"1"}
  [1m[35mLocation Load (0.1ms)[0m  SELECT `locations`.* FROM `locations` WHERE `locations`.`id` = 1 LIMIT 1
  [1m[36mSQL (0.0ms)[0m  [1mBEGIN[0m
  [1m[35mAREL (0.5ms)[0m  DELETE FROM `locations` WHERE `locations`.`id` = 1
  [1m[36mSQL (68.1ms)[0m  [1mCOMMIT[0m
Redirected to http://0.0.0.0:3000/locations
Completed 302 Found in 79ms


Started GET "/locations" for 127.0.0.1 at 2012-03-20 13:39:38 +0530
  Processing by LocationsController#index as HTML
  [1m[35mLocation Load (0.2ms)[0m  SELECT `locations`.* FROM `locations`
  [1m[36mCACHE (0.0ms)[0m  [1mSELECT `locations`.* FROM `locations`[0m
Rendered /home/dckap/.rvm/gems/ruby-1.9.2-p290@rails3.0.10/gems/gmaps4rails-0.7.9/app/views/gmaps4rails/_gmaps4rails.html.erb (1.4ms)
Rendered locations/index.html.erb within layouts/application (5.0ms)
Completed 200 OK in 11ms (Views: 8.5ms | ActiveRecord: 0.2ms)


Started GET "/stylesheets/gmaps4rails.css" for 127.0.0.1 at 2012-03-20 13:39:38 +0530


Started GET "/javascripts/gmaps4rails.js" for 127.0.0.1 at 2012-03-20 13:39:38 +0530


Started GET "/locations" for 127.0.0.1 at 2012-03-20 13:39:38 +0530
  Processing by LocationsController#index as HTML
  [1m[35mLocation Load (1.8ms)[0m  SELECT `locations`.* FROM `locations`
  [1m[36mCACHE (0.0ms)[0m  [1mSELECT `locations`.* FROM `locations`[0m
Rendered /home/dckap/.rvm/gems/ruby-1.9.2-p290@rails3.0.10/gems/gmaps4rails-0.7.9/app/views/gmaps4rails/_gmaps4rails.html.erb (1.5ms)
Rendered locations/index.html.erb within layouts/application (5.6ms)
Completed 200 OK in 38ms (Views: 33.0ms | ActiveRecord: 1.8ms)


Started GET "/locations/new" for 127.0.0.1 at 2012-03-20 13:39:47 +0530
  Processing by LocationsController#new as HTML
Rendered locations/_form.html.erb (7.4ms)
Rendered locations/new.html.erb within layouts/application (10.1ms)
Completed 200 OK in 17ms (Views: 13.7ms | ActiveRecord: 0.0ms)


Started GET "/locations/new" for 127.0.0.1 at 2012-03-20 13:39:48 +0530
  Processing by LocationsController#new as HTML
Rendered locations/_form.html.erb (8.2ms)
Rendered locations/new.html.erb within layouts/application (15.0ms)
Completed 200 OK in 26ms (Views: 18.8ms | ActiveRecord: 0.0ms)


Started POST "/locations" for 127.0.0.1 at 2012-03-20 13:39:55 +0530
  Processing by LocationsController#create as HTML
  Parameters: {"utf8"=>"✓", "authenticity_token"=>"0EkWFwQzA33SeiRbmo04j5kx7aG79X1sAjNAfM/MSlM=", "location"=>{"name"=>"chandra mohan", "address"=>"villupuram, railway junction"}, "commit"=>"Create Location"}
  [1m[35mSQL (0.1ms)[0m  BEGIN
  [1m[36mSQL (0.5ms)[0m  [1mdescribe `locations`[0m
  [1m[35mAREL (0.2ms)[0m  INSERT INTO `locations` (`name`, `address`, `longitude`, `latitude`, `created_at`, `updated_at`) VALUES ('chandra mohan', 'villupuram, railway junction', 79.497647, 11.939481, '2012-03-20 08:09:55', '2012-03-20 08:09:55')
  [1m[36mSQL (52.1ms)[0m  [1mCOMMIT[0m
Redirected to http://0.0.0.0:3000/locations/3
Completed 302 Found in 292ms


Started GET "/locations/3" for 127.0.0.1 at 2012-03-20 13:39:56 +0530
  Processing by LocationsController#show as HTML
  Parameters: {"id"=>"3"}
  [1m[35mLocation Load (0.2ms)[0m  SELECT `locations`.* FROM `locations` WHERE `locations`.`id` = 3 LIMIT 1
Rendered locations/show.html.erb within layouts/application (7.3ms)
Completed 200 OK in 15ms (Views: 11.0ms | ActiveRecord: 0.2ms)


Started GET "/locations/3" for 127.0.0.1 at 2012-03-20 13:39:56 +0530
  Processing by LocationsController#show as HTML
  Parameters: {"id"=>"3"}
  [1m[36mLocation Load (0.1ms)[0m  [1mSELECT `locations`.* FROM `locations` WHERE `locations`.`id` = 3 LIMIT 1[0m
Rendered locations/show.html.erb within layouts/application (7.8ms)
Completed 200 OK in 17ms (Views: 12.0ms | ActiveRecord: 0.1ms)


Started GET "/locations" for 127.0.0.1 at 2012-03-20 13:39:59 +0530
  Processing by LocationsController#index as HTML
  [1m[35mLocation Load (0.2ms)[0m  SELECT `locations`.* FROM `locations`
  [1m[36mCACHE (0.0ms)[0m  [1mSELECT `locations`.* FROM `locations`[0m
Rendered /home/dckap/.rvm/gems/ruby-1.9.2-p290@rails3.0.10/gems/gmaps4rails-0.7.9/app/views/gmaps4rails/_gmaps4rails.html.erb (1.3ms)
Rendered locations/index.html.erb within layouts/application (6.0ms)
Completed 200 OK in 19ms (Views: 9.6ms | ActiveRecord: 0.2ms)


Started GET "/locations" for 127.0.0.1 at 2012-03-20 13:39:59 +0530
  Processing by LocationsController#index as HTML
  [1m[35mLocation Load (0.1ms)[0m  SELECT `locations`.* FROM `locations`
  [1m[36mCACHE (0.0ms)[0m  [1mSELECT `locations`.* FROM `locations`[0m
Rendered /home/dckap/.rvm/gems/ruby-1.9.2-p290@rails3.0.10/gems/gmaps4rails-0.7.9/app/views/gmaps4rails/_gmaps4rails.html.erb (1.4ms)
Rendered locations/index.html.erb within layouts/application (6.7ms)
Completed 200 OK in 19ms (Views: 10.6ms | ActiveRecord: 0.1ms)


Started GET "/locations/new" for 127.0.0.1 at 2012-03-20 13:41:20 +0530
  Processing by LocationsController#new as HTML
Rendered locations/_form.html.erb (7.6ms)
Rendered locations/new.html.erb within layouts/application (10.2ms)
Completed 200 OK in 18ms (Views: 14.7ms | ActiveRecord: 0.0ms)


Started GET "/locations/new" for 127.0.0.1 at 2012-03-20 13:41:20 +0530
  Processing by LocationsController#new as HTML
Rendered locations/_form.html.erb (7.6ms)
Rendered locations/new.html.erb within layouts/application (10.5ms)
Completed 200 OK in 18ms (Views: 14.2ms | ActiveRecord: 0.0ms)


Started POST "/locations" for 127.0.0.1 at 2012-03-20 13:41:25 +0530
  Processing by LocationsController#create as HTML
  Parameters: {"utf8"=>"✓", "authenticity_token"=>"0EkWFwQzA33SeiRbmo04j5kx7aG79X1sAjNAfM/MSlM=", "location"=>{"name"=>"chandra mohan", "address"=>"chitlapakkam, chennai"}, "commit"=>"Create Location"}
  [1m[35mSQL (0.1ms)[0m  BEGIN
  [1m[36mSQL (0.5ms)[0m  [1mdescribe `locations`[0m
  [1m[35mAREL (0.1ms)[0m  INSERT INTO `locations` (`name`, `address`, `longitude`, `latitude`, `created_at`, `updated_at`) VALUES ('chandra mohan', 'chitlapakkam, chennai', 80.1484407, 12.9351982, '2012-03-20 08:11:25', '2012-03-20 08:11:25')
  [1m[36mSQL (55.9ms)[0m  [1mCOMMIT[0m
Redirected to http://0.0.0.0:3000/locations/4
Completed 302 Found in 314ms


Started GET "/locations/4" for 127.0.0.1 at 2012-03-20 13:41:25 +0530
  Processing by LocationsController#show as HTML
  Parameters: {"id"=>"4"}
  [1m[35mLocation Load (0.2ms)[0m  SELECT `locations`.* FROM `locations` WHERE `locations`.`id` = 4 LIMIT 1
Rendered locations/show.html.erb within layouts/application (7.2ms)
Completed 200 OK in 15ms (Views: 10.7ms | ActiveRecord: 0.2ms)


Started GET "/locations/4" for 127.0.0.1 at 2012-03-20 13:41:25 +0530
  Processing by LocationsController#show as HTML
  Parameters: {"id"=>"4"}
  [1m[36mLocation Load (0.1ms)[0m  [1mSELECT `locations`.* FROM `locations` WHERE `locations`.`id` = 4 LIMIT 1[0m
Rendered locations/show.html.erb within layouts/application (9.3ms)
Completed 200 OK in 44ms (Views: 37.9ms | ActiveRecord: 0.1ms)


Started GET "/locations" for 127.0.0.1 at 2012-03-20 13:41:27 +0530
  Processing by LocationsController#index as HTML
  [1m[35mLocation Load (0.3ms)[0m  SELECT `locations`.* FROM `locations`
  [1m[36mCACHE (0.0ms)[0m  [1mSELECT `locations`.* FROM `locations`[0m
Rendered /home/dckap/.rvm/gems/ruby-1.9.2-p290@rails3.0.10/gems/gmaps4rails-0.7.9/app/views/gmaps4rails/_gmaps4rails.html.erb (1.2ms)
Rendered locations/index.html.erb within layouts/application (6.8ms)
Completed 200 OK in 18ms (Views: 10.3ms | ActiveRecord: 56.8ms)


Started GET "/stylesheets/gmaps4rails.css" for 127.0.0.1 at 2012-03-20 13:41:27 +0530


Started GET "/javascripts/gmaps4rails.js" for 127.0.0.1 at 2012-03-20 13:41:27 +0530


Started GET "/locations" for 127.0.0.1 at 2012-03-20 13:41:27 +0530
  Processing by LocationsController#index as HTML
  [1m[35mLocation Load (0.1ms)[0m  SELECT `locations`.* FROM `locations`
  [1m[36mCACHE (0.0ms)[0m  [1mSELECT `locations`.* FROM `locations`[0m
Rendered /home/dckap/.rvm/gems/ruby-1.9.2-p290@rails3.0.10/gems/gmaps4rails-0.7.9/app/views/gmaps4rails/_gmaps4rails.html.erb (1.4ms)
Rendered locations/index.html.erb within layouts/application (7.5ms)
Completed 200 OK in 20ms (Views: 11.3ms | ActiveRecord: 0.1ms)


Started GET "/locations/3" for 127.0.0.1 at 2012-03-20 13:42:02 +0530
  Processing by LocationsController#show as HTML
  Parameters: {"id"=>"3"}
  [1m[35mLocation Load (0.2ms)[0m  SELECT `locations`.* FROM `locations` WHERE `locations`.`id` = 3 LIMIT 1
Rendered locations/show.html.erb within layouts/application (9.5ms)
Completed 200 OK in 19ms (Views: 13.9ms | ActiveRecord: 0.2ms)


Started GET "/locations/3" for 127.0.0.1 at 2012-03-20 13:42:02 +0530
  Processing by LocationsController#show as HTML
  Parameters: {"id"=>"3"}
  [1m[36mLocation Load (0.1ms)[0m  [1mSELECT `locations`.* FROM `locations` WHERE `locations`.`id` = 3 LIMIT 1[0m
Rendered locations/show.html.erb within layouts/application (8.0ms)
Completed 200 OK in 16ms (Views: 12.0ms | ActiveRecord: 0.1ms)


Started GET "/locations" for 127.0.0.1 at 2012-03-20 13:42:04 +0530
  Processing by LocationsController#index as HTML
  [1m[35mLocation Load (0.1ms)[0m  SELECT `locations`.* FROM `locations`
  [1m[36mCACHE (0.0ms)[0m  [1mSELECT `locations`.* FROM `locations`[0m
Rendered /home/dckap/.rvm/gems/ruby-1.9.2-p290@rails3.0.10/gems/gmaps4rails-0.7.9/app/views/gmaps4rails/_gmaps4rails.html.erb (1.3ms)
Rendered locations/index.html.erb within layouts/application (6.8ms)
Completed 200 OK in 19ms (Views: 10.3ms | ActiveRecord: 0.1ms)


Started GET "/locations" for 127.0.0.1 at 2012-03-20 13:42:04 +0530
  Processing by LocationsController#index as HTML
  [1m[35mLocation Load (0.3ms)[0m  SELECT `locations`.* FROM `locations`
  [1m[36mCACHE (0.0ms)[0m  [1mSELECT `locations`.* FROM `locations`[0m
Rendered /home/dckap/.rvm/gems/ruby-1.9.2-p290@rails3.0.10/gems/gmaps4rails-0.7.9/app/views/gmaps4rails/_gmaps4rails.html.erb (1.5ms)
Rendered locations/index.html.erb within layouts/application (7.7ms)
Completed 200 OK in 25ms (Views: 11.6ms | ActiveRecord: 0.3ms)


Started GET "/locations/new" for 127.0.0.1 at 2012-03-20 13:42:05 +0530
  Processing by LocationsController#new as HTML
Rendered locations/_form.html.erb (7.3ms)
Rendered locations/new.html.erb within layouts/application (9.9ms)
Completed 200 OK in 17ms (Views: 13.4ms | ActiveRecord: 0.0ms)


Started GET "/locations/new" for 127.0.0.1 at 2012-03-20 13:42:05 +0530
  Processing by LocationsController#new as HTML
Rendered locations/_form.html.erb (8.3ms)
Rendered locations/new.html.erb within layouts/application (11.5ms)
Completed 200 OK in 60ms (Views: 16.6ms | ActiveRecord: 0.0ms)


Started GET "/locations" for 127.0.0.1 at 2012-03-20 13:42:06 +0530
  Processing by LocationsController#index as HTML
  [1m[35mLocation Load (0.1ms)[0m  SELECT `locations`.* FROM `locations`
  [1m[36mCACHE (0.0ms)[0m  [1mSELECT `locations`.* FROM `locations`[0m
Rendered /home/dckap/.rvm/gems/ruby-1.9.2-p290@rails3.0.10/gems/gmaps4rails-0.7.9/app/views/gmaps4rails/_gmaps4rails.html.erb (1.4ms)
Rendered locations/index.html.erb within layouts/application (7.0ms)
Completed 200 OK in 18ms (Views: 10.5ms | ActiveRecord: 0.1ms)


Started GET "/locations" for 127.0.0.1 at 2012-03-20 13:42:07 +0530
  Processing by LocationsController#index as HTML
  [1m[35mLocation Load (0.1ms)[0m  SELECT `locations`.* FROM `locations`
  [1m[36mCACHE (0.0ms)[0m  [1mSELECT `locations`.* FROM `locations`[0m
Rendered /home/dckap/.rvm/gems/ruby-1.9.2-p290@rails3.0.10/gems/gmaps4rails-0.7.9/app/views/gmaps4rails/_gmaps4rails.html.erb (1.5ms)
Rendered locations/index.html.erb within layouts/application (8.1ms)
Completed 200 OK in 47ms (Views: 36.5ms | ActiveRecord: 0.1ms)


Started POST "/locations/4" for 127.0.0.1 at 2012-03-20 13:42:43 +0530
  Processing by LocationsController#destroy as HTML
  Parameters: {"authenticity_token"=>"0EkWFwQzA33SeiRbmo04j5kx7aG79X1sAjNAfM/MSlM=", "id"=>"4"}
  [1m[35mLocation Load (0.1ms)[0m  SELECT `locations`.* FROM `locations` WHERE `locations`.`id` = 4 LIMIT 1
  [1m[36mSQL (0.0ms)[0m  [1mBEGIN[0m
  [1m[35mAREL (0.2ms)[0m  DELETE FROM `locations` WHERE `locations`.`id` = 4
  [1m[36mSQL (124.7ms)[0m  [1mCOMMIT[0m
Redirected to http://0.0.0.0:3000/locations
Completed 302 Found in 136ms


Started GET "/locations" for 127.0.0.1 at 2012-03-20 13:42:44 +0530
  Processing by LocationsController#index as HTML
  [1m[35mLocation Load (0.2ms)[0m  SELECT `locations`.* FROM `locations`
  [1m[36mCACHE (0.0ms)[0m  [1mSELECT `locations`.* FROM `locations`[0m
Rendered /home/dckap/.rvm/gems/ruby-1.9.2-p290@rails3.0.10/gems/gmaps4rails-0.7.9/app/views/gmaps4rails/_gmaps4rails.html.erb (1.3ms)
Rendered locations/index.html.erb within layouts/application (6.0ms)
Completed 200 OK in 18ms (Views: 9.6ms | ActiveRecord: 125.4ms)


Started GET "/locations" for 127.0.0.1 at 2012-03-20 13:42:44 +0530
  Processing by LocationsController#index as HTML
  [1m[35mLocation Load (0.3ms)[0m  SELECT `locations`.* FROM `locations`
  [1m[36mCACHE (0.0ms)[0m  [1mSELECT `locations`.* FROM `locations`[0m
Rendered /home/dckap/.rvm/gems/ruby-1.9.2-p290@rails3.0.10/gems/gmaps4rails-0.7.9/app/views/gmaps4rails/_gmaps4rails.html.erb (25.9ms)
Rendered locations/index.html.erb within layouts/application (31.9ms)
Completed 200 OK in 44ms (Views: 35.8ms | ActiveRecord: 0.3ms)
